[2020-10-29T21:15:10.790] [DEBUG] cheese - login => username:sss,password:123
[2020-10-29T21:15:10.792] [DEBUG] cheese - sss
[2020-10-29T21:15:10.804] [DEBUG] cheese - null
[2020-10-29T21:15:10.805] [DEBUG] cheese - null
[2020-10-29T21:36:00.088] [DEBUG] cheese - login => username:123,password:1234
[2020-10-29T21:36:00.089] [DEBUG] cheese - 123
[2020-10-29T21:36:00.103] [DEBUG] cheese - null
[2020-10-29T21:36:00.103] [DEBUG] cheese - null
[2020-10-29T21:37:09.403] [DEBUG] cheese - login => username:admin,password:123
[2020-10-29T21:37:09.403] [DEBUG] cheese - admin
[2020-10-29T21:37:09.408] [DEBUG] cheese - null
[2020-10-29T21:37:09.408] [DEBUG] cheese - null
[2020-11-16T23:14:14.623] [DEBUG] cheese - login => username:admin,password:123
[2020-11-16T23:14:14.624] [DEBUG] cheese - admin
[2020-11-16T23:14:14.641] [DEBUG] cheese - null
[2020-11-16T23:14:14.641] [DEBUG] cheese - null
[2020-11-17T20:45:50.991] [DEBUG] cheese - login => username:admin,password:123
[2020-11-17T20:45:50.992] [DEBUG] cheese - admin
[2020-11-17T20:45:51.007] [DEBUG] cheese - null
[2020-11-17T20:45:51.007] [DEBUG] cheese - null
[2020-11-17T20:59:50.242] [DEBUG] cheese - login => username:admin,password:123
[2020-11-17T20:59:50.242] [DEBUG] cheese - admin
[2020-11-17T20:59:50.250] [DEBUG] cheese - null
[2020-11-17T20:59:50.250] [DEBUG] cheese - null
[2020-11-17T20:59:57.339] [DEBUG] cheese - login => username:admin,password:123
[2020-11-17T20:59:57.339] [DEBUG] cheese - admin
[2020-11-17T20:59:57.342] [DEBUG] cheese - null
[2020-11-17T20:59:57.342] [DEBUG] cheese - null
[2020-11-17T21:02:27.758] [DEBUG] cheese - login => username:admin,password:123
[2020-11-17T21:02:27.758] [DEBUG] cheese - admin
[2020-11-17T21:02:27.765] [DEBUG] cheese - null
[2020-11-17T21:02:27.765] [DEBUG] cheese - null
[2020-11-17T21:05:40.996] [DEBUG] cheese - login => username:admin,password:123
[2020-11-17T21:05:40.996] [DEBUG] cheese - admin
[2020-11-17T21:05:41.004] [DEBUG] cheese - null
[2020-11-17T21:05:41.004] [DEBUG] cheese - null
[2020-11-17T21:06:13.725] [DEBUG] cheese - login => username:admin,password:123
[2020-11-17T21:06:13.726] [DEBUG] cheese - admin
[2020-11-17T21:06:13.728] [DEBUG] cheese - null
[2020-11-17T21:06:13.728] [DEBUG] cheese - null
[2020-11-17T21:07:30.229] [DEBUG] cheese - login => username:admin,password:123
[2020-11-17T21:07:30.229] [DEBUG] cheese - admin
[2020-11-17T21:07:30.232] [DEBUG] cheese - null
[2020-11-17T21:07:30.232] [DEBUG] cheese - null
[2020-11-17T21:07:35.010] [DEBUG] cheese - login => username:admin,password:123
[2020-11-17T21:07:35.010] [DEBUG] cheese - admin
[2020-11-17T21:07:35.012] [DEBUG] cheese - null
[2020-11-17T21:07:35.012] [DEBUG] cheese - null
[2020-11-17T21:10:09.792] [DEBUG] cheese - login => username:admin,password:123
[2020-11-17T21:10:09.792] [DEBUG] cheese - admin
[2020-11-17T21:10:09.799] [DEBUG] cheese - null
[2020-11-17T21:10:09.799] [DEBUG] cheese - null
[2020-11-17T21:45:28.886] [DEBUG] cheese - login => username:admin,password:123456
[2020-11-17T21:45:28.886] [DEBUG] cheese - admin
[2020-11-17T21:45:28.893] [DEBUG] cheese - null
[2020-11-17T21:45:28.893] [DEBUG] cheese - null
[2020-11-17T21:52:38.829] [DEBUG] cheese - login => username:admin,password:123456
[2020-11-17T21:52:38.829] [DEBUG] cheese - admin
[2020-11-17T21:52:38.835] [DEBUG] cheese - null
[2020-11-17T21:52:38.835] [DEBUG] cheese - null
[2020-11-17T21:54:26.364] [DEBUG] cheese - login => username:admin,password:123456
[2020-11-17T21:54:26.364] [DEBUG] cheese - admin
[2020-11-17T21:54:26.366] [DEBUG] cheese - null
[2020-11-17T21:54:26.366] [DEBUG] cheese - null
[2020-11-17T22:38:29.642] [DEBUG] cheese - login => username:admin,password:123456
[2020-11-17T22:38:29.643] [DEBUG] cheese - admin
[2020-11-17T22:38:29.653] [DEBUG] cheese - null
[2020-11-17T22:38:29.654] [DEBUG] cheese - null
[2020-11-17T22:39:22.429] [DEBUG] cheese - login => username:admin,password:123456
[2020-11-17T22:39:22.430] [DEBUG] cheese - admin
[2020-11-17T22:39:22.432] [DEBUG] cheese - null
[2020-11-17T22:39:22.432] [DEBUG] cheese - null
[2020-11-17T22:43:38.750] [DEBUG] cheese - login => username:admin,password:123456
[2020-11-17T22:43:38.750] [DEBUG] cheese - admin
[2020-11-17T22:43:38.757] [DEBUG] cheese - null
[2020-11-17T22:43:38.757] [DEBUG] cheese - null
[2020-11-17T22:55:27.895] [DEBUG] cheese - login => username:admin,password:123456
[2020-11-17T22:55:27.895] [DEBUG] cheese - admin
[2020-11-17T22:55:27.903] [DEBUG] cheese - null
[2020-11-17T22:55:27.903] [DEBUG] cheese - null
[2020-11-17T22:59:40.080] [DEBUG] cheese - login => username:admin,password:123456
[2020-11-17T22:59:40.080] [DEBUG] cheese - admin
[2020-11-17T22:59:40.088] [DEBUG] cheese - null
[2020-11-17T22:59:40.088] [DEBUG] cheese - null
[2020-11-18T17:40:54.524] [DEBUG] cheese - login => username:admin,password:123456
[2020-11-18T17:40:54.526] [DEBUG] cheese - admin
[2020-11-18T17:40:54.536] [DEBUG] cheese - null
[2020-11-18T17:40:54.536] [DEBUG] cheese - null
[2020-11-18T20:26:05.394] [DEBUG] cheese - login => username:admin,password:123456
[2020-11-18T20:26:05.395] [DEBUG] cheese - admin
[2020-11-18T20:26:05.451] [DEBUG] cheese - null
[2020-11-18T20:26:05.452] [DEBUG] cheese - null
[2020-11-18T20:33:12.559] [DEBUG] cheese - login => username:admin,password:123456
[2020-11-18T20:33:12.559] [DEBUG] cheese - admin
[2020-11-18T20:33:12.571] [DEBUG] cheese - null
[2020-11-18T20:33:12.572] [DEBUG] cheese - null
[2020-11-18T20:50:25.339] [DEBUG] cheese - login => username:admin,password:123456
[2020-11-18T20:50:25.339] [DEBUG] cheese - admin
[2020-11-18T20:50:25.349] [DEBUG] cheese - null
[2020-11-18T20:50:25.350] [DEBUG] cheese - null
[2020-11-18T22:43:13.109] [DEBUG] cheese - login => username:admin,password:123456
[2020-11-18T22:43:13.109] [DEBUG] cheese - admin
[2020-11-18T22:43:13.132] [DEBUG] cheese - null
[2020-11-18T22:43:13.132] [DEBUG] cheese - null
[2020-11-18T22:43:28.184] [DEBUG] cheese - login => username:admin,password:123456
[2020-11-18T22:43:28.184] [DEBUG] cheese - admin
[2020-11-18T22:43:28.191] [DEBUG] cheese - null
[2020-11-18T22:43:28.191] [DEBUG] cheese - null
[2020-11-18T22:58:12.829] [DEBUG] cheese - login => username:admin,password:123456
[2020-11-18T22:58:12.829] [DEBUG] cheese - admin
[2020-11-18T22:58:12.834] [DEBUG] cheese - null
[2020-11-18T22:58:12.834] [DEBUG] cheese - null
[2020-11-19T17:51:06.950] [DEBUG] cheese - login => username:admin,password:123456
[2020-11-19T17:51:06.951] [DEBUG] cheese - admin
[2020-11-19T17:51:06.966] [DEBUG] cheese - null
[2020-11-19T17:51:06.967] [DEBUG] cheese - null
[2020-11-20T16:34:42.983] [DEBUG] cheese - login => username:admin,password:123456
[2020-11-20T16:34:42.984] [DEBUG] cheese - admin
[2020-11-20T16:34:42.998] [DEBUG] cheese - null
[2020-11-20T16:34:42.999] [DEBUG] cheese - null
[2020-11-20T18:04:23.082] [DEBUG] cheese - login => username:admin,password:123456
[2020-11-20T18:04:23.083] [DEBUG] cheese - admin
[2020-11-20T18:04:23.089] [DEBUG] cheese - null
[2020-11-20T18:04:23.089] [DEBUG] cheese - null
[2020-11-21T10:27:37.717] [DEBUG] cheese - login => username:admin,password:123456
[2020-11-21T10:27:37.718] [DEBUG] cheese - admin
[2020-11-21T10:27:37.732] [DEBUG] cheese - null
[2020-11-21T10:27:37.732] [DEBUG] cheese - null
[2020-11-21T10:37:59.563] [DEBUG] cheese - login => username:admin,password:123456
[2020-11-21T10:37:59.563] [DEBUG] cheese - admin
[2020-11-21T10:37:59.567] [DEBUG] cheese - null
[2020-11-21T10:37:59.568] [DEBUG] cheese - null
[2020-11-21T17:16:51.017] [DEBUG] cheese - login => username:admin,password:123456
[2020-11-21T17:16:51.022] [DEBUG] cheese - admin
[2020-11-21T17:16:51.048] [DEBUG] cheese - null
[2020-11-21T17:16:51.049] [DEBUG] cheese - null
[2020-11-22T12:32:16.146] [DEBUG] cheese - login => username:admin,password:123456
[2020-11-22T12:32:16.147] [DEBUG] cheese - admin
[2020-11-22T12:32:16.161] [DEBUG] cheese - null
[2020-11-22T12:32:16.162] [DEBUG] cheese - null
[2020-11-23T16:37:41.353] [DEBUG] cheese - login => username:admin,password:123456
[2020-11-23T16:37:41.354] [DEBUG] cheese - admin
[2020-11-23T16:37:41.369] [DEBUG] cheese - null
[2020-11-23T16:37:41.370] [DEBUG] cheese - null
[2020-11-24T09:46:07.065] [DEBUG] cheese - login => username:admin,password:123456
[2020-11-24T09:46:07.066] [DEBUG] cheese - admin
[2020-11-24T09:46:07.082] [DEBUG] cheese - null
[2020-11-24T09:46:07.082] [DEBUG] cheese - null
[2020-12-17T12:34:58.460] [DEBUG] cheese - login => username:admin,password:123456
[2020-12-17T12:34:58.461] [DEBUG] cheese - admin
[2020-12-17T12:34:58.476] [DEBUG] cheese - null
[2020-12-17T12:34:58.476] [DEBUG] cheese - null
[2020-12-17T12:52:00.038] [DEBUG] cheese - login => username:admin,password:123456
[2020-12-17T12:52:00.039] [DEBUG] cheese - admin
[2020-12-17T12:52:00.053] [DEBUG] cheese - null
[2020-12-17T12:52:00.053] [DEBUG] cheese - null
[2020-12-17T12:57:50.452] [DEBUG] cheese - login => username:admin,password:123456
[2020-12-17T12:57:50.452] [DEBUG] cheese - admin
[2020-12-17T12:57:50.492] [DEBUG] cheese - null
[2020-12-17T12:57:50.492] [DEBUG] cheese - null
[2020-12-17T13:07:49.750] [DEBUG] cheese - login => username:admin,password:123456
[2020-12-17T13:07:49.750] [DEBUG] cheese - admin
[2020-12-17T13:07:49.762] [DEBUG] cheese - null
[2020-12-17T13:07:49.763] [DEBUG] cheese - null
[2020-12-17T14:16:48.790] [DEBUG] cheese - login => username:admin,password:123456
[2020-12-17T14:16:48.791] [DEBUG] cheese - admin
[2020-12-17T14:16:48.803] [DEBUG] cheese - null
[2020-12-17T14:16:48.803] [DEBUG] cheese - null
[2020-12-19T10:52:33.997] [DEBUG] cheese - login => username:admin,password:123456
[2020-12-19T10:52:33.998] [DEBUG] cheese - admin
[2020-12-19T10:52:34.015] [DEBUG] cheese - null
[2020-12-19T10:52:34.016] [DEBUG] cheese - null
[2020-12-20T10:24:45.723] [DEBUG] cheese - login => username:admin,password:123456
[2020-12-20T10:24:45.724] [DEBUG] cheese - admin
[2020-12-20T10:24:45.739] [DEBUG] cheese - null
[2020-12-20T10:24:45.739] [DEBUG] cheese - null
[2020-12-20T17:02:04.643] [DEBUG] cheese - null
[2020-12-20T17:02:18.811] [DEBUG] cheese - null
[2020-12-20T17:06:21.823] [DEBUG] cheese - null
[2020-12-20T17:06:59.951] [DEBUG] cheese - null
[2020-12-20T17:07:03.741] [DEBUG] cheese - null
[2020-12-20T17:07:04.721] [DEBUG] cheese - null
[2020-12-20T17:07:06.745] [DEBUG] cheese - null
[2020-12-20T17:07:11.754] [DEBUG] cheese - null
[2020-12-20T17:07:13.400] [DEBUG] cheese - null
[2020-12-20T17:07:15.929] [DEBUG] cheese - null
[2020-12-20T17:07:17.128] [DEBUG] cheese - null
[2020-12-20T17:07:18.110] [DEBUG] cheese - null
[2020-12-20T17:07:19.545] [DEBUG] cheese - null
[2020-12-20T17:07:25.993] [DEBUG] cheese - null
[2020-12-20T17:07:26.938] [DEBUG] cheese - null
[2020-12-20T17:07:31.185] [DEBUG] cheese - null
[2020-12-20T17:07:32.550] [DEBUG] cheese - null
[2020-12-20T17:09:42.354] [DEBUG] cheese - null
[2020-12-20T17:12:02.188] [DEBUG] cheese - null
[2020-12-20T17:12:04.888] [DEBUG] cheese - null
[2020-12-20T17:13:19.625] [DEBUG] cheese - null
[2020-12-20T17:21:33.796] [DEBUG] cheese - null
[2020-12-20T17:27:40.508] [DEBUG] cheese - null
[2020-12-20T17:27:45.185] [DEBUG] cheese - null
[2020-12-20T17:29:21.956] [DEBUG] cheese - null
[2020-12-20T17:34:14.534] [DEBUG] cheese - null
[2020-12-20T19:27:04.882] [DEBUG] cheese - login => username:admin,password:123456
[2020-12-20T19:27:04.882] [DEBUG] cheese - admin
[2020-12-20T19:27:04.885] [DEBUG] cheese - null
[2020-12-20T19:27:04.886] [DEBUG] cheese - null
[2020-12-20T19:27:28.870] [DEBUG] cheese - login => username:admin,password:123456
[2020-12-20T19:27:28.870] [DEBUG] cheese - admin
[2020-12-20T19:27:28.878] [DEBUG] cheese - null
[2020-12-20T19:27:28.878] [DEBUG] cheese - null
[2020-12-20T19:33:37.561] [DEBUG] cheese - login => username:admin,password:123456
[2020-12-20T19:33:37.561] [DEBUG] cheese - admin
[2020-12-20T19:33:37.564] [DEBUG] cheese - null
[2020-12-20T19:33:37.564] [DEBUG] cheese - null
[2021-01-10T20:39:50.471] [DEBUG] cheese - login => username:admin,password:123456
[2021-01-10T20:39:50.472] [DEBUG] cheese - admin
[2021-01-10T20:39:50.485] [DEBUG] cheese - null
[2021-01-10T20:39:50.486] [DEBUG] cheese - null
[2021-01-11T11:25:49.694] [DEBUG] cheese - login => username:admin,password:123456
[2021-01-11T11:25:49.695] [DEBUG] cheese - admin
[2021-01-11T11:25:49.710] [DEBUG] cheese - null
[2021-01-11T11:25:49.710] [DEBUG] cheese - null
[2021-01-12T11:15:41.370] [DEBUG] cheese - login => username:admin,password:123456
[2021-01-12T11:15:41.371] [DEBUG] cheese - admin
[2021-01-12T11:15:41.385] [DEBUG] cheese - null
[2021-01-12T11:15:41.386] [DEBUG] cheese - null
[2021-01-12T18:35:55.251] [DEBUG] cheese - login => username:admin,password:123456
[2021-01-12T18:35:55.252] [DEBUG] cheese - admin
[2021-01-12T18:35:55.254] [DEBUG] cheese - null
[2021-01-12T18:35:55.254] [DEBUG] cheese - null
[2021-01-13T18:45:17.465] [DEBUG] cheese - login => username:admin,password:123456
[2021-01-13T18:45:17.466] [DEBUG] cheese - admin
[2021-01-13T18:45:17.478] [DEBUG] cheese - null
[2021-01-13T18:45:17.478] [DEBUG] cheese - null
[2021-01-13T18:54:48.199] [DEBUG] cheese - login => username:admin,password:123456
[2021-01-13T18:54:48.201] [DEBUG] cheese - admin
[2021-01-13T18:54:48.210] [DEBUG] cheese - null
[2021-01-13T18:54:48.210] [DEBUG] cheese - null
[2021-01-13T18:59:59.422] [DEBUG] cheese - login => username:admin,password:123456
[2021-01-13T18:59:59.423] [DEBUG] cheese - admin
[2021-01-13T18:59:59.431] [DEBUG] cheese - null
[2021-01-13T18:59:59.431] [DEBUG] cheese - null
[2021-01-13T19:19:49.229] [DEBUG] cheese - login => username:admin,password:123456
[2021-01-13T19:19:49.230] [DEBUG] cheese - admin
[2021-01-13T19:19:49.235] [DEBUG] cheese - null
[2021-01-13T19:19:49.235] [DEBUG] cheese - null
[2021-01-13T19:30:15.003] [DEBUG] cheese - login => username:admin,password:123456
[2021-01-13T19:30:15.006] [DEBUG] cheese - admin
[2021-01-13T19:30:15.030] [DEBUG] cheese - null
[2021-01-13T19:30:15.031] [DEBUG] cheese - null
[2021-01-13T22:52:35.560] [DEBUG] cheese - login => username:admin,password:123456
[2021-01-13T22:52:35.561] [DEBUG] cheese - admin
[2021-01-13T22:52:35.574] [DEBUG] cheese - null
[2021-01-13T22:52:35.574] [DEBUG] cheese - null
[2021-01-13T23:15:30.536] [DEBUG] cheese - login => username:admin,password:123456
[2021-01-13T23:15:30.538] [DEBUG] cheese - admin
[2021-01-13T23:15:30.550] [DEBUG] cheese - null
[2021-01-13T23:15:30.550] [DEBUG] cheese - null
[2021-01-13T23:15:34.686] [DEBUG] cheese - login => username:admin,password:123456
[2021-01-13T23:15:34.686] [DEBUG] cheese - admin
[2021-01-13T23:15:34.688] [DEBUG] cheese - null
[2021-01-13T23:15:34.688] [DEBUG] cheese - null
[2021-01-14T11:01:18.156] [DEBUG] cheese - login => username:admin,password:123456
[2021-01-14T11:01:18.157] [DEBUG] cheese - admin
[2021-01-14T11:01:18.173] [DEBUG] cheese - null
[2021-01-14T11:01:18.173] [DEBUG] cheese - null
[2021-01-14T19:37:18.454] [DEBUG] cheese - login => username:admin,password:123456
[2021-01-14T19:37:18.455] [DEBUG] cheese - admin
[2021-01-14T19:37:18.467] [DEBUG] cheese - null
[2021-01-14T19:37:18.468] [DEBUG] cheese - null
[2021-01-15T17:19:59.078] [DEBUG] cheese - login => username:admin,password:123456
[2021-01-15T17:19:59.080] [DEBUG] cheese - admin
[2021-01-15T17:19:59.119] [DEBUG] cheese - null
[2021-01-15T17:19:59.120] [DEBUG] cheese - null
[2021-01-15T17:32:02.781] [DEBUG] cheese - login => username:admin,password:123456
[2021-01-15T17:32:02.782] [DEBUG] cheese - admin
[2021-01-15T17:32:02.793] [DEBUG] cheese - null
[2021-01-15T17:32:02.793] [DEBUG] cheese - null
[2021-01-16T17:56:44.436] [DEBUG] cheese - login => username:admin,password:123456
[2021-01-16T17:56:44.442] [DEBUG] cheese - admin
[2021-01-16T17:56:44.472] [DEBUG] cheese - null
[2021-01-16T17:56:44.472] [DEBUG] cheese - null
[2021-01-17T11:36:00.718] [DEBUG] cheese - login => username:admin,password:123456
[2021-01-17T11:36:00.719] [DEBUG] cheese - admin
[2021-01-17T11:36:00.732] [DEBUG] cheese - null
[2021-01-17T11:36:00.733] [DEBUG] cheese - null
[2021-01-17T22:15:29.147] [DEBUG] cheese - login => username:admin,password:123456
[2021-01-17T22:15:29.151] [DEBUG] cheese - admin
[2021-01-17T22:15:29.185] [DEBUG] cheese - null
[2021-01-17T22:15:29.186] [DEBUG] cheese - null
[2021-01-18T11:04:48.816] [DEBUG] cheese - login => username:admin,password:123456
[2021-01-18T11:04:48.817] [DEBUG] cheese - admin
[2021-01-18T11:04:48.831] [DEBUG] cheese - null
[2021-01-18T11:04:48.831] [DEBUG] cheese - null
[2021-01-18T22:37:59.869] [DEBUG] cheese - login => username:admin,password:123456
[2021-01-18T22:37:59.870] [DEBUG] cheese - admin
[2021-01-18T22:37:59.892] [DEBUG] cheese - null
[2021-01-18T22:37:59.893] [DEBUG] cheese - null
[2021-01-19T11:58:47.153] [DEBUG] cheese - login => username:admin,password:123456
[2021-01-19T11:58:47.154] [DEBUG] cheese - admin
[2021-01-19T11:58:47.167] [DEBUG] cheese - null
[2021-01-19T11:58:47.168] [DEBUG] cheese - null
[2021-01-19T18:09:37.383] [DEBUG] cheese - login => username:admin,password:123456
[2021-01-19T18:09:37.385] [DEBUG] cheese - admin
[2021-01-19T18:09:37.393] [DEBUG] cheese - null
[2021-01-19T18:09:37.393] [DEBUG] cheese - null
[2021-01-19T18:12:02.415] [DEBUG] cheese - login => username:admin,password:123456
[2021-01-19T18:12:02.416] [DEBUG] cheese - admin
[2021-01-19T18:12:02.421] [DEBUG] cheese - null
[2021-01-19T18:12:02.421] [DEBUG] cheese - null
[2021-01-19T18:15:45.988] [DEBUG] cheese - login => username:admin,password:123456
[2021-01-19T18:15:45.989] [DEBUG] cheese - admin
[2021-01-19T18:15:45.998] [DEBUG] cheese - null
[2021-01-19T18:15:45.998] [DEBUG] cheese - null
[2021-01-20T18:19:36.293] [DEBUG] cheese - login => username:admin,password:123456
[2021-01-20T18:19:36.294] [DEBUG] cheese - admin
[2021-01-20T18:19:36.305] [DEBUG] cheese - null
[2021-01-20T18:19:36.305] [DEBUG] cheese - null
[2021-01-20T21:04:16.033] [DEBUG] cheese - login => username:admin,password:123456
[2021-01-20T21:04:16.034] [DEBUG] cheese - admin
[2021-01-20T21:04:16.041] [DEBUG] cheese - null
[2021-01-20T21:04:16.041] [DEBUG] cheese - null
[2021-01-20T21:49:53.676] [DEBUG] cheese - login => username:admin,password:123456
[2021-01-20T21:49:53.678] [DEBUG] cheese - admin
[2021-01-20T21:49:53.682] [DEBUG] cheese - null
[2021-01-20T21:49:53.683] [DEBUG] cheese - null
[2021-01-21T12:08:20.693] [DEBUG] cheese - login => username:admin,password:123456
[2021-01-21T12:08:20.694] [DEBUG] cheese - admin
[2021-01-21T12:08:20.710] [DEBUG] cheese - null
[2021-01-21T12:08:20.710] [DEBUG] cheese - null
[2021-01-21T18:21:12.563] [DEBUG] cheese - null
[2021-01-21T18:24:38.659] [DEBUG] cheese - null
[2021-01-21T18:29:26.159] [DEBUG] cheese - null
[2021-01-21T18:31:59.771] [DEBUG] cheese - login => username:admin,password:123456
[2021-01-21T18:31:59.771] [DEBUG] cheese - admin
[2021-01-21T18:31:59.775] [DEBUG] cheese - null
[2021-01-21T18:31:59.776] [DEBUG] cheese - null
[2021-01-22T13:02:07.928] [DEBUG] cheese - login => username:admin,password:123456
[2021-01-22T13:02:07.929] [DEBUG] cheese - admin
[2021-01-22T13:02:08.013] [DEBUG] cheese - null
[2021-01-22T13:02:08.013] [DEBUG] cheese - null
[2021-01-22T18:11:09.898] [DEBUG] cheese - login => username:admin,password:123456
[2021-01-22T18:11:09.899] [DEBUG] cheese - admin
[2021-01-22T18:11:09.915] [DEBUG] cheese - null
[2021-01-22T18:11:09.916] [DEBUG] cheese - null
[2021-01-22T18:31:23.934] [DEBUG] cheese - login => username:admin,password:123456
[2021-01-22T18:31:23.935] [DEBUG] cheese - admin
[2021-01-22T18:31:23.940] [DEBUG] cheese - null
[2021-01-22T18:31:23.940] [DEBUG] cheese - null
[2021-01-22T18:33:38.124] [DEBUG] cheese - login => username:admin,password:123456
[2021-01-22T18:33:38.125] [DEBUG] cheese - admin
[2021-01-22T18:33:38.127] [DEBUG] cheese - null
[2021-01-22T18:33:38.127] [DEBUG] cheese - null
[2021-01-22T18:40:37.509] [DEBUG] cheese - login => username:admin,password:123456
[2021-01-22T18:40:37.509] [DEBUG] cheese - admin
[2021-01-22T18:40:37.514] [DEBUG] cheese - null
[2021-01-22T18:40:37.514] [DEBUG] cheese - null
[2021-01-22T20:12:21.800] [DEBUG] cheese - login => username:admin,password:123456
[2021-01-22T20:12:21.801] [DEBUG] cheese - admin
[2021-01-22T20:12:21.816] [DEBUG] cheese - null
[2021-01-22T20:12:21.816] [DEBUG] cheese - null
[2021-01-23T17:50:12.596] [DEBUG] cheese - login => username:admin,password:123456
[2021-01-23T17:50:12.601] [DEBUG] cheese - admin
[2021-01-23T17:50:12.650] [DEBUG] cheese - null
[2021-01-23T17:50:12.652] [DEBUG] cheese - null
[2021-01-23T18:11:01.032] [DEBUG] cheese - login => username:admin,password:123456
[2021-01-23T18:11:01.032] [DEBUG] cheese - admin
[2021-01-23T18:11:01.049] [DEBUG] cheese - null
[2021-01-23T18:11:01.050] [DEBUG] cheese - null
[2021-02-18T20:14:40.045] [DEBUG] cheese - login => username:admin,password:123456
[2021-02-18T20:14:40.046] [DEBUG] cheese - admin
[2021-02-18T20:14:40.060] [DEBUG] cheese - null
[2021-02-18T20:14:40.060] [DEBUG] cheese - null
[2021-02-20T16:00:37.150] [DEBUG] cheese - login => username:admin,password:123456
[2021-02-20T16:00:37.151] [DEBUG] cheese - admin
[2021-02-20T16:00:37.163] [DEBUG] cheese - null
[2021-02-20T16:00:37.164] [DEBUG] cheese - null
[2021-03-01T11:14:39.601] [DEBUG] cheese - login => username:admin,password:123456
[2021-03-01T11:14:39.602] [DEBUG] cheese - admin
[2021-03-01T11:14:39.617] [DEBUG] cheese - null
[2021-03-01T11:14:39.618] [DEBUG] cheese - null
[2021-03-28T22:08:59.126] [DEBUG] cheese - login => username:admin,password:123456
[2021-03-28T22:08:59.128] [DEBUG] cheese - admin
[2021-03-28T22:08:59.143] [DEBUG] cheese - null
[2021-03-28T22:08:59.144] [DEBUG] cheese - null
[2021-04-08T21:59:30.898] [DEBUG] cheese - login => username:admin,password:123456
[2021-04-08T21:59:30.902] [DEBUG] cheese - admin
[2021-04-08T21:59:30.932] [DEBUG] cheese - null
[2021-04-08T21:59:30.934] [DEBUG] cheese - null
[2021-04-08T22:39:57.007] [DEBUG] cheese - login => username:admin,password:12345
[2021-04-08T22:39:57.008] [DEBUG] cheese - admin
[2021-04-08T22:39:57.012] [DEBUG] cheese - null
[2021-04-08T22:39:57.012] [DEBUG] cheese - null
[2021-04-08T22:40:00.551] [DEBUG] cheese - login => username:admin,password:12345
[2021-04-08T22:40:00.551] [DEBUG] cheese - admin
[2021-04-08T22:40:00.556] [DEBUG] cheese - null
[2021-04-08T22:40:00.557] [DEBUG] cheese - null
[2021-04-08T23:00:26.797] [DEBUG] cheese - login => username:syl,password:123456
[2021-04-08T23:00:26.801] [DEBUG] cheese - syl
[2021-04-08T23:00:26.842] [DEBUG] cheese - null
[2021-04-08T23:00:26.843] [DEBUG] cheese - null
[2021-04-09T17:03:29.418] [DEBUG] cheese - login => username:syl,password:123456
[2021-04-09T17:03:29.424] [DEBUG] cheese - syl
[2021-04-09T17:03:29.475] [DEBUG] cheese - null
[2021-04-09T17:03:29.476] [DEBUG] cheese - null
[2021-04-09T19:57:27.906] [DEBUG] cheese - login => username:syl,password:123456
[2021-04-09T19:57:27.909] [DEBUG] cheese - syl
[2021-04-09T19:57:27.936] [DEBUG] cheese - null
[2021-04-09T19:57:27.937] [DEBUG] cheese - null
[2021-04-09T19:57:32.188] [DEBUG] cheese - login => username:admin,password:123456
[2021-04-09T19:57:32.188] [DEBUG] cheese - admin
[2021-04-09T19:57:32.192] [DEBUG] cheese - null
[2021-04-09T19:57:32.193] [DEBUG] cheese - null
[2021-04-12T17:02:03.244] [DEBUG] cheese - login => username:admin,password:123456
[2021-04-12T17:02:03.245] [DEBUG] cheese - admin
[2021-04-12T17:02:03.255] [DEBUG] cheese - null
[2021-04-12T17:02:03.256] [DEBUG] cheese - null
[2021-04-12T17:33:29.582] [DEBUG] cheese - login => username:admin,password:123456
[2021-04-12T17:33:29.582] [DEBUG] cheese - admin
[2021-04-12T17:33:29.584] [DEBUG] cheese - null
[2021-04-12T17:33:29.584] [DEBUG] cheese - null
[2021-04-12T17:34:07.870] [DEBUG] cheese - login => username:linken,password:123456
[2021-04-12T17:34:07.870] [DEBUG] cheese - linken
[2021-04-12T17:34:07.874] [DEBUG] cheese - null
[2021-04-12T17:34:07.874] [DEBUG] cheese - null
[2021-04-12T17:34:09.360] [DEBUG] cheese - login => username:linken,password:123456
[2021-04-12T17:34:09.361] [DEBUG] cheese - linken
[2021-04-12T17:34:09.364] [DEBUG] cheese - null
[2021-04-12T17:34:09.364] [DEBUG] cheese - null
[2021-04-12T17:34:10.031] [DEBUG] cheese - login => username:linken,password:123456
[2021-04-12T17:34:10.031] [DEBUG] cheese - linken
[2021-04-12T17:34:10.032] [DEBUG] cheese - null
[2021-04-12T17:34:10.032] [DEBUG] cheese - null
[2021-04-12T17:34:10.332] [DEBUG] cheese - login => username:linken,password:123456
[2021-04-12T17:34:10.332] [DEBUG] cheese - linken
[2021-04-12T17:34:10.334] [DEBUG] cheese - null
[2021-04-12T17:34:10.334] [DEBUG] cheese - null
[2021-04-12T17:34:37.567] [DEBUG] cheese - login => username:syl,password:123456
[2021-04-12T17:34:37.567] [DEBUG] cheese - syl
[2021-04-12T17:34:37.570] [DEBUG] cheese - null
[2021-04-12T17:34:37.570] [DEBUG] cheese - null
[2021-04-12T17:35:02.431] [DEBUG] cheese - login => username:admin,password:123456
[2021-04-12T17:35:02.431] [DEBUG] cheese - admin
[2021-04-12T17:35:02.434] [DEBUG] cheese - null
[2021-04-12T17:35:02.435] [DEBUG] cheese - null
[2021-04-12T17:35:07.449] [DEBUG] cheese - login => username:syl,password:123456
[2021-04-12T17:35:07.449] [DEBUG] cheese - syl
[2021-04-12T17:35:07.451] [DEBUG] cheese - null
[2021-04-12T17:35:07.451] [DEBUG] cheese - null
[2021-04-12T17:58:37.736] [DEBUG] cheese - login => username:syl,password:123456
[2021-04-12T17:58:37.736] [DEBUG] cheese - syl
[2021-04-12T17:58:37.738] [DEBUG] cheese - null
[2021-04-12T17:58:37.738] [DEBUG] cheese - null
[2021-04-12T17:58:43.711] [DEBUG] cheese - null
[2021-04-12T17:58:43.715] [DEBUG] cheese - null
[2021-04-12T17:58:46.929] [DEBUG] cheese - null
[2021-04-12T17:58:46.931] [DEBUG] cheese - null
[2021-04-12T18:02:02.631] [DEBUG] cheese - null
[2021-04-12T18:02:02.635] [DEBUG] cheese - null
[2021-04-12T18:02:04.708] [DEBUG] cheese - null
[2021-04-12T18:02:04.710] [DEBUG] cheese - null
[2021-04-12T18:02:07.076] [DEBUG] cheese - null
[2021-04-12T18:02:07.079] [DEBUG] cheese - null
[2021-04-12T18:02:09.568] [DEBUG] cheese - null
[2021-04-12T18:02:09.569] [DEBUG] cheese - null
[2021-04-12T18:02:09.606] [DEBUG] cheese - null
[2021-04-12T18:02:09.611] [DEBUG] cheese - null
[2021-04-12T18:02:13.105] [DEBUG] cheese - null
[2021-04-12T18:02:13.111] [DEBUG] cheese - null
[2021-04-12T18:02:21.879] [DEBUG] cheese - login => username:syl,password:123456
[2021-04-12T18:02:21.879] [DEBUG] cheese - syl
[2021-04-12T18:02:21.880] [DEBUG] cheese - null
[2021-04-12T18:02:21.880] [DEBUG] cheese - null
[2021-04-12T18:03:11.129] [DEBUG] cheese - null
[2021-04-12T18:03:11.131] [DEBUG] cheese - null
[2021-04-12T18:03:13.055] [DEBUG] cheese - null
[2021-04-12T18:03:13.057] [DEBUG] cheese - null
[2021-04-12T18:03:14.341] [DEBUG] cheese - null
[2021-04-12T18:03:14.343] [DEBUG] cheese - null
[2021-04-12T18:03:14.800] [DEBUG] cheese - null
[2021-04-12T18:03:14.802] [DEBUG] cheese - null
[2021-04-12T18:03:15.196] [DEBUG] cheese - null
[2021-04-12T18:03:15.197] [DEBUG] cheese - null
[2021-04-12T18:03:15.603] [DEBUG] cheese - null
[2021-04-12T18:03:15.605] [DEBUG] cheese - null
[2021-04-12T18:03:16.693] [DEBUG] cheese - null
[2021-04-12T18:03:16.695] [DEBUG] cheese - null
[2021-04-12T18:03:17.470] [DEBUG] cheese - null
[2021-04-12T18:03:17.472] [DEBUG] cheese - null
[2021-04-12T18:54:36.601] [DEBUG] cheese - login => username:admin,password:123456
[2021-04-12T18:54:36.605] [DEBUG] cheese - admin
[2021-04-12T18:54:36.640] [DEBUG] cheese - null
[2021-04-12T18:54:36.642] [DEBUG] cheese - null
[2021-04-12T19:03:23.104] [DEBUG] cheese - login => username:admin,password:123456
[2021-04-12T19:03:23.104] [DEBUG] cheese - admin
[2021-04-12T19:03:23.111] [DEBUG] cheese - null
[2021-04-12T19:03:23.111] [DEBUG] cheese - null
[2021-04-12T19:10:32.464] [DEBUG] cheese - login => username:admin,password:123456
[2021-04-12T19:10:32.464] [DEBUG] cheese - admin
[2021-04-12T19:10:32.469] [DEBUG] cheese - null
[2021-04-12T19:10:32.469] [DEBUG] cheese - null
[2021-04-12T19:17:30.136] [DEBUG] cheese - login => username:admin,password:123456
[2021-04-12T19:17:30.139] [DEBUG] cheese - admin
[2021-04-12T19:17:30.167] [DEBUG] cheese - null
[2021-04-12T19:17:30.168] [DEBUG] cheese - null
[2021-04-12T19:20:45.731] [DEBUG] cheese - login => username:admin,password:123456
[2021-04-12T19:20:45.732] [DEBUG] cheese - admin
[2021-04-12T19:20:45.739] [DEBUG] cheese - null
[2021-04-12T19:20:45.740] [DEBUG] cheese - null
[2021-04-13T10:59:46.751] [DEBUG] cheese - login => username:syl,password:123456
[2021-04-13T10:59:46.753] [DEBUG] cheese - syl
[2021-04-13T10:59:46.791] [DEBUG] cheese - null
[2021-04-13T10:59:46.791] [DEBUG] cheese - null
[2021-04-13T10:59:52.627] [DEBUG] cheese - login => username:admin,password:123456
[2021-04-13T10:59:52.628] [DEBUG] cheese - admin
[2021-04-13T10:59:52.631] [DEBUG] cheese - null
[2021-04-13T10:59:52.632] [DEBUG] cheese - null
[2021-04-13T11:26:00.615] [DEBUG] cheese - login => username:admin,password:123456
[2021-04-13T11:26:00.618] [DEBUG] cheese - admin
[2021-04-13T11:26:00.647] [DEBUG] cheese - null
[2021-04-13T11:26:00.649] [DEBUG] cheese - null
[2021-04-13T11:26:07.831] [DEBUG] cheese - login => username:syl,password:123456
[2021-04-13T11:26:07.831] [DEBUG] cheese - syl
[2021-04-13T11:26:07.836] [DEBUG] cheese - null
[2021-04-13T11:26:07.836] [DEBUG] cheese - null
[2021-04-13T11:26:21.291] [DEBUG] cheese - login => username:admin,password:123456
[2021-04-13T11:26:21.292] [DEBUG] cheese - admin
[2021-04-13T11:26:21.297] [DEBUG] cheese - null
[2021-04-13T11:26:21.297] [DEBUG] cheese - null
[2021-04-13T15:27:23.053] [DEBUG] cheese - login => username:admin,password:123456
[2021-04-13T15:27:23.057] [DEBUG] cheese - admin
[2021-04-13T15:27:23.088] [DEBUG] cheese - null
[2021-04-13T15:27:23.089] [DEBUG] cheese - null
[2021-04-13T16:54:17.829] [DEBUG] cheese - login => username:admin,password:123456
[2021-04-13T16:54:17.832] [DEBUG] cheese - admin
[2021-04-13T16:54:17.856] [DEBUG] cheese - null
[2021-04-13T16:54:17.857] [DEBUG] cheese - null
[2021-04-13T17:13:30.212] [DEBUG] cheese - login => username:admin,password:123456
[2021-04-13T17:13:30.212] [DEBUG] cheese - admin
[2021-04-13T17:13:30.218] [DEBUG] cheese - null
[2021-04-13T17:13:30.218] [DEBUG] cheese - null
[2021-04-13T22:51:40.563] [DEBUG] cheese - null
[2021-04-14T16:29:44.401] [DEBUG] cheese - login => username:admin,password:123456
[2021-04-14T16:29:44.403] [DEBUG] cheese - admin
[2021-04-14T16:29:44.436] [DEBUG] cheese - null
[2021-04-14T16:29:44.437] [DEBUG] cheese - null
[2021-04-14T16:36:53.726] [DEBUG] cheese - login => username:admin,password:123456
[2021-04-14T16:36:53.727] [DEBUG] cheese - admin
[2021-04-14T16:36:53.740] [DEBUG] cheese - null
[2021-04-14T16:36:53.741] [DEBUG] cheese - null
[2021-04-14T16:40:23.198] [DEBUG] cheese - login => username:admin,password:123456
[2021-04-14T16:40:23.199] [DEBUG] cheese - admin
[2021-04-14T16:40:23.207] [DEBUG] cheese - null
[2021-04-14T16:40:23.208] [DEBUG] cheese - null
[2021-04-14T19:50:36.974] [DEBUG] cheese - login => username:admin,password:123456
[2021-04-14T19:50:36.976] [DEBUG] cheese - admin
[2021-04-14T19:50:36.979] [DEBUG] cheese - null
[2021-04-14T19:50:36.980] [DEBUG] cheese - null
[2021-04-14T22:56:04.380] [DEBUG] cheese - login => username:admin,password:123456
[2021-04-14T22:56:04.381] [DEBUG] cheese - admin
[2021-04-14T22:56:04.384] [DEBUG] cheese - null
[2021-04-14T22:56:04.384] [DEBUG] cheese - null
[2021-04-15T12:58:43.910] [DEBUG] cheese - login => username:admin,password:123456
[2021-04-15T12:58:43.911] [DEBUG] cheese - admin
[2021-04-15T12:58:43.933] [DEBUG] cheese - null
[2021-04-15T12:58:43.934] [DEBUG] cheese - null
[2021-04-17T15:07:32.468] [DEBUG] cheese - login => username:admin,password:123456
[2021-04-17T15:07:32.470] [DEBUG] cheese - admin
[2021-04-17T15:07:32.484] [DEBUG] cheese - null
[2021-04-17T15:07:32.485] [DEBUG] cheese - null
